# JRE version: Java(TM) SE Runtime Environment (7.0_51-b13) (build 1.7.0_51-b13)
# Java VM: Java HotSpot(TM) 64-Bit Server VM (24.51-b03 mixed mode windows-amd64 compressed oops)
Heap
 PSYoungGen      total 38912K, used 38490K [0x00000000f5500000, 0x00000000f8000000, 0x0000000100000000)
  eden space 33792K, 100% used [0x00000000f5500000,0x00000000f7600000,0x00000000f7600000)
  from space 5120K, 91% used [0x00000000f7b00000,0x00000000f7f96840,0x00000000f8000000)
  to   space 5120K, 99% used [0x00000000f7600000,0x00000000f7afc060,0x00000000f7b00000)
 ParOldGen       total 87552K, used 42278K [0x00000000e0000000, 0x00000000e5580000, 0x00000000f5500000)
  object space 87552K, 48% used [0x00000000e0000000,0x00000000e2949800,0x00000000e5580000)
 PSPermGen       total 22016K, used 21608K [0x00000000d8000000, 0x00000000d9580000, 0x00000000e0000000)
  object space 22016K, 98% used [0x00000000d8000000,0x00000000d951a128,0x00000000d9580000)
GC Heap History (10 events):
Event: 8.089 GC heap before
{Heap before GC invocations=12 (full 0):
 PSYoungGen      total 38912K, used 34176K [0x00000000f5500000, 0x00000000f8000000, 0x0000000100000000)
  eden space 33792K, 100% used [0x00000000f5500000,0x00000000f7600000,0x00000000f7600000)
  from space 5120K, 7% used [0x00000000f7600000,0x00000000f7660000,0x00000000f7b00000)
  to   space 5120K, 0% used [0x00000000f7b00000,0x00000000f7b00000,0x00000000f8000000)
 ParOldGen       total 87552K, used 37313K [0x00000000e0000000, 0x00000000e5580000, 0x00000000f5500000)
  object space 87552K, 42% used [0x00000000e0000000,0x00000000e24707f0,0x00000000e5580000)
 PSPermGen       total 21504K, used 20674K [0x00000000d8000000, 0x00000000d9500000, 0x00000000e0000000)
  object space 21504K, 96% used [0x00000000d8000000,0x00000000d9430b38,0x00000000d9500000)
Event: 8.091 GC heap after
Heap after GC invocations=12 (full 0):
 PSYoungGen      total 38912K, used 288K [0x00000000f5500000, 0x00000000f8000000, 0x0000000100000000)
  eden space 33792K, 0% used [0x00000000f5500000,0x00000000f5500000,0x00000000f7600000)
  from space 5120K, 5% used [0x00000000f7b00000,0x00000000f7b48000,0x00000000f8000000)
  to   space 5120K, 0% used [0x00000000f7600000,0x00000000f7600000,0x00000000f7b00000)
 ParOldGen       total 87552K, used 37585K [0x00000000e0000000, 0x00000000e5580000, 0x00000000f5500000)
  object space 87552K, 42% used [0x00000000e0000000,0x00000000e24b47f0,0x00000000e5580000)
 PSPermGen       total 21504K, used 20674K [0x00000000d8000000, 0x00000000d9500000, 0x00000000e0000000)
  object space 21504K, 96% used [0x00000000d8000000,0x00000000d9430b38,0x00000000d9500000)
}
Event: 8.210 GC heap before
{Heap before GC invocations=13 (full 0):
 PSYoungGen      total 38912K, used 34080K [0x00000000f5500000, 0x00000000f8000000, 0x0000000100000000)
  eden space 33792K, 100% used [0x00000000f5500000,0x00000000f7600000,0x00000000f7600000)
  from space 5120K, 5% used [0x00000000f7b00000,0x00000000f7b48000,0x00000000f8000000)
  to   space 5120K, 0% used [0x00000000f7600000,0x00000000f7600000,0x00000000f7b00000)
 ParOldGen       total 87552K, used 37585K [0x00000000e0000000, 0x00000000e5580000, 0x00000000f5500000)
  object space 87552K, 42% used [0x00000000e0000000,0x00000000e24b47f0,0x00000000e5580000)
 PSPermGen       total 21504K, used 20777K [0x00000000d8000000, 0x00000000d9500000, 0x00000000e0000000)
  object space 21504K, 96% used [0x00000000d8000000,0x00000000d944a760,0x00000000d9500000)
Event: 8.211 GC heap after
Heap after GC invocations=13 (full 0):
 PSYoungGen      total 38912K, used 416K [0x00000000f5500000, 0x00000000f8000000, 0x0000000100000000)
  eden space 33792K, 0% used [0x00000000f5500000,0x00000000f5500000,0x00000000f7600000)
  from space 5120K, 8% used [0x00000000f7600000,0x00000000f7668000,0x00000000f7b00000)
  to   space 5120K, 0% used [0x00000000f7b00000,0x00000000f7b00000,0x00000000f8000000)
 ParOldGen       total 87552K, used 37769K [0x00000000e0000000, 0x00000000e5580000, 0x00000000f5500000)
  object space 87552K, 43% used [0x00000000e0000000,0x00000000e24e27f0,0x00000000e5580000)
 PSPermGen       total 21504K, used 20777K [0x00000000d8000000, 0x00000000d9500000, 0x00000000e0000000)
  object space 21504K, 96% used [0x00000000d8000000,0x00000000d944a760,0x00000000d9500000)
}
Event: 8.351 GC heap before
{Heap before GC invocations=14 (full 0):
 PSYoungGen      total 38912K, used 34208K [0x00000000f5500000, 0x00000000f8000000, 0x0000000100000000)
  eden space 33792K, 100% used [0x00000000f5500000,0x00000000f7600000,0x00000000f7600000)
  from space 5120K, 8% used [0x00000000f7600000,0x00000000f7668000,0x00000000f7b00000)
  to   space 5120K, 0% used [0x00000000f7b00000,0x00000000f7b00000,0x00000000f8000000)
 ParOldGen       total 87552K, used 37769K [0x00000000e0000000, 0x00000000e5580000, 0x00000000f5500000)
  object space 87552K, 43% used [0x00000000e0000000,0x00000000e24e27f0,0x00000000e5580000)
 PSPermGen       total 21504K, used 20844K [0x00000000d8000000, 0x00000000d9500000, 0x00000000e0000000)
  object space 21504K, 96% used [0x00000000d8000000,0x00000000d945b270,0x00000000d9500000)
Event: 8.353 GC heap after
Heap after GC invocations=14 (full 0):
 PSYoungGen      total 38912K, used 288K [0x00000000f5500000, 0x00000000f8000000, 0x0000000100000000)
  eden space 33792K, 0% used [0x00000000f5500000,0x00000000f5500000,0x00000000f7600000)
  from space 5120K, 5% used [0x00000000f7b00000,0x00000000f7b48000,0x00000000f8000000)
  to   space 5120K, 0% used [0x00000000f7600000,0x00000000f7600000,0x00000000f7b00000)
 ParOldGen       total 87552K, used 38049K [0x00000000e0000000, 0x00000000e5580000, 0x00000000f5500000)
  object space 87552K, 43% used [0x00000000e0000000,0x00000000e25287f0,0x00000000e5580000)
 PSPermGen       total 21504K, used 20844K [0x00000000d8000000, 0x00000000d9500000, 0x00000000e0000000)
  object space 21504K, 96% used [0x00000000d8000000,0x00000000d945b270,0x00000000d9500000)
}
Event: 8.760 GC heap before
{Heap before GC invocations=15 (full 0):
 PSYoungGen      total 38912K, used 34080K [0x00000000f5500000, 0x00000000f8000000, 0x0000000100000000)
  eden space 33792K, 100% used [0x00000000f5500000,0x00000000f7600000,0x00000000f7600000)
  from space 5120K, 5% used [0x00000000f7b00000,0x00000000f7b48000,0x00000000f8000000)
  to   space 5120K, 0% used [0x00000000f7600000,0x00000000f7600000,0x00000000f7b00000)
 ParOldGen       total 87552K, used 38049K [0x00000000e0000000, 0x00000000e5580000, 0x00000000f5500000)
  object space 87552K, 43% used [0x00000000e0000000,0x00000000e25287f0,0x00000000e5580000)
 PSPermGen       total 21504K, used 21487K [0x00000000d8000000, 0x00000000d9500000, 0x00000000e0000000)
  object space 21504K, 99% used [0x00000000d8000000,0x00000000d94fbd70,0x00000000d9500000)
Event: 8.764 GC heap after
Heap after GC invocations=15 (full 0):
 PSYoungGen      total 38912K, used 746K [0x00000000f5500000, 0x00000000f8000000, 0x0000000100000000)
  eden space 33792K, 0% used [0x00000000f5500000,0x00000000f5500000,0x00000000f7600000)
  from space 5120K, 14% used [0x00000000f7600000,0x00000000f76bab58,0x00000000f7b00000)
  to   space 5120K, 0% used [0x00000000f7b00000,0x00000000f7b00000,0x00000000f8000000)
 ParOldGen       total 87552K, used 38225K [0x00000000e0000000, 0x00000000e5580000, 0x00000000f5500000)
  object space 87552K, 43% used [0x00000000e0000000,0x00000000e25547f0,0x00000000e5580000)
 PSPermGen       total 21504K, used 21487K [0x00000000d8000000, 0x00000000d9500000, 0x00000000e0000000)
  object space 21504K, 99% used [0x00000000d8000000,0x00000000d94fbd70,0x00000000d9500000)
}
Event: 9.133 GC heap before
{Heap before GC invocations=16 (full 0):
 PSYoungGen      total 38912K, used 34538K [0x00000000f5500000, 0x00000000f8000000, 0x0000000100000000)
  eden space 33792K, 100% used [0x00000000f5500000,0x00000000f7600000,0x00000000f7600000)
  from space 5120K, 14% used [0x00000000f7600000,0x00000000f76bab58,0x00000000f7b00000)
  to   space 5120K, 0% used [0x00000000f7b00000,0x00000000f7b00000,0x00000000f8000000)
 ParOldGen       total 87552K, used 38225K [0x00000000e0000000, 0x00000000e5580000, 0x00000000f5500000)
  object space 87552K, 43% used [0x00000000e0000000,0x00000000e25547f0,0x00000000e5580000)
 PSPermGen       total 22016K, used 21594K [0x00000000d8000000, 0x00000000d9580000, 0x00000000e0000000)
  object space 22016K, 98% used [0x00000000d8000000,0x00000000d9516950,0x00000000d9580000)
Event: 9.138 GC heap after
Heap after GC invocations=16 (full 0):
 PSYoungGen      total 38912K, used 4698K [0x00000000f5500000, 0x00000000f8000000, 0x0000000100000000)
  eden space 33792K, 0% used [0x00000000f5500000,0x00000000f5500000,0x00000000f7600000)
  from space 5120K, 91% used [0x00000000f7b00000,0x00000000f7f96840,0x00000000f8000000)
  to   space 5120K, 0% used [0x00000000f7600000,0x00000000f7600000,0x00000000f7b00000)
 ParOldGen       total 87552K, used 38614K [0x00000000e0000000, 0x00000000e5580000, 0x00000000f5500000)
  object space 87552K, 44% used [0x00000000e0000000,0x00000000e25b5800,0x00000000e5580000)
 PSPermGen       total 22016K, used 21594K [0x00000000d8000000, 0x00000000d9580000, 0x00000000e0000000)
  object space 22016K, 98% used [0x00000000d8000000,0x00000000d9516950,0x00000000d9580000)
}

