# JRE version: Java(TM) SE Runtime Environment (7.0_51-b13) (build 1.7.0_51-b13)
# Java VM: Java HotSpot(TM) 64-Bit Server VM (24.51-b03 mixed mode windows-amd64 compressed oops)
Heap
 PSYoungGen      total 72704K, used 42259K [0x00000000f5500000, 0x00000000fa100000, 0x0000000100000000)
  eden space 67584K, 54% used [0x00000000f5500000,0x00000000f7945cf8,0x00000000f9700000)
  from space 5120K, 99% used [0x00000000f9700000,0x00000000f9bff1b8,0x00000000f9c00000)
  to   space 5120K, 0% used [0x00000000f9c00000,0x00000000f9c00000,0x00000000fa100000)
 ParOldGen       total 87552K, used 18872K [0x00000000e0000000, 0x00000000e5580000, 0x00000000f5500000)
  object space 87552K, 21% used [0x00000000e0000000,0x00000000e126e208,0x00000000e5580000)
 PSPermGen       total 21504K, used 18779K [0x00000000d8000000, 0x00000000d9500000, 0x00000000e0000000)
  object space 21504K, 87% used [0x00000000d8000000,0x00000000d9256c38,0x00000000d9500000)
GC Heap History (10 events):
Event: 0.964 GC heap before
{Heap before GC invocations=1 (full 0):
 PSYoungGen      total 38912K, used 33792K [0x00000000f5500000, 0x00000000f8000000, 0x0000000100000000)
  eden space 33792K, 100% used [0x00000000f5500000,0x00000000f7600000,0x00000000f7600000)
  from space 5120K, 0% used [0x00000000f7b00000,0x00000000f7b00000,0x00000000f8000000)
  to   space 5120K, 0% used [0x00000000f7600000,0x00000000f7600000,0x00000000f7b00000)
 ParOldGen       total 87552K, used 0K [0x00000000e0000000, 0x00000000e5580000, 0x00000000f5500000)
  object space 87552K, 0% used [0x00000000e0000000,0x00000000e0000000,0x00000000e5580000)
 PSPermGen       total 21504K, used 6694K [0x00000000d8000000, 0x00000000d9500000, 0x00000000e0000000)
  object space 21504K, 31% used [0x00000000d8000000,0x00000000d8689b50,0x00000000d9500000)
Event: 0.972 GC heap after
Heap after GC invocations=1 (full 0):
 PSYoungGen      total 38912K, used 5089K [0x00000000f5500000, 0x00000000f8000000, 0x0000000100000000)
  eden space 33792K, 0% used [0x00000000f5500000,0x00000000f5500000,0x00000000f7600000)
  from space 5120K, 99% used [0x00000000f7600000,0x00000000f7af87a8,0x00000000f7b00000)
  to   space 5120K, 0% used [0x00000000f7b00000,0x00000000f7b00000,0x00000000f8000000)
 ParOldGen       total 87552K, used 426K [0x00000000e0000000, 0x00000000e5580000, 0x00000000f5500000)
  object space 87552K, 0% used [0x00000000e0000000,0x00000000e006a908,0x00000000e5580000)
 PSPermGen       total 21504K, used 6694K [0x00000000d8000000, 0x00000000d9500000, 0x00000000e0000000)
  object space 21504K, 31% used [0x00000000d8000000,0x00000000d8689b50,0x00000000d9500000)
}
Event: 1.935 GC heap before
{Heap before GC invocations=2 (full 0):
 PSYoungGen      total 38912K, used 38728K [0x00000000f5500000, 0x00000000f8000000, 0x0000000100000000)
  eden space 33792K, 99% used [0x00000000f5500000,0x00000000f75d9af8,0x00000000f7600000)
  from space 5120K, 99% used [0x00000000f7600000,0x00000000f7af87a8,0x00000000f7b00000)
  to   space 5120K, 0% used [0x00000000f7b00000,0x00000000f7b00000,0x00000000f8000000)
 ParOldGen       total 87552K, used 426K [0x00000000e0000000, 0x00000000e5580000, 0x00000000f5500000)
  object space 87552K, 0% used [0x00000000e0000000,0x00000000e006a908,0x00000000e5580000)
 PSPermGen       total 21504K, used 11065K [0x00000000d8000000, 0x00000000d9500000, 0x00000000e0000000)
  object space 21504K, 51% used [0x00000000d8000000,0x00000000d8ace788,0x00000000d9500000)
Event: 1.953 GC heap after
Heap after GC invocations=2 (full 0):
 PSYoungGen      total 38912K, used 5111K [0x00000000f5500000, 0x00000000fa100000, 0x0000000100000000)
  eden space 33792K, 0% used [0x00000000f5500000,0x00000000f5500000,0x00000000f7600000)
  from space 5120K, 99% used [0x00000000f7b00000,0x00000000f7ffdeb8,0x00000000f8000000)
  to   space 5120K, 0% used [0x00000000f7600000,0x00000000f7600000,0x00000000f7b00000)
 ParOldGen       total 87552K, used 4804K [0x00000000e0000000, 0x00000000e5580000, 0x00000000f5500000)
  object space 87552K, 5% used [0x00000000e0000000,0x00000000e04b1118,0x00000000e5580000)
 PSPermGen       total 21504K, used 11065K [0x00000000d8000000, 0x00000000d9500000, 0x00000000e0000000)
  object space 21504K, 51% used [0x00000000d8000000,0x00000000d8ace788,0x00000000d9500000)
}
Event: 2.793 GC heap before
{Heap before GC invocations=3 (full 0):
 PSYoungGen      total 38912K, used 38903K [0x00000000f5500000, 0x00000000fa100000, 0x0000000100000000)
  eden space 33792K, 100% used [0x00000000f5500000,0x00000000f7600000,0x00000000f7600000)
  from space 5120K, 99% used [0x00000000f7b00000,0x00000000f7ffdeb8,0x00000000f8000000)
  to   space 5120K, 0% used [0x00000000f7600000,0x00000000f7600000,0x00000000f7b00000)
 ParOldGen       total 87552K, used 4804K [0x00000000e0000000, 0x00000000e5580000, 0x00000000f5500000)
  object space 87552K, 5% used [0x00000000e0000000,0x00000000e04b1118,0x00000000e5580000)
 PSPermGen       total 21504K, used 13345K [0x00000000d8000000, 0x00000000d9500000, 0x00000000e0000000)
  object space 21504K, 62% used [0x00000000d8000000,0x00000000d8d08538,0x00000000d9500000)
Event: 2.803 GC heap after
Heap after GC invocations=3 (full 0):
 PSYoungGen      total 38912K, used 5097K [0x00000000f5500000, 0x00000000fa100000, 0x0000000100000000)
  eden space 33792K, 0% used [0x00000000f5500000,0x00000000f5500000,0x00000000f7600000)
  from space 5120K, 99% used [0x00000000f7600000,0x00000000f7afa440,0x00000000f7b00000)
  to   space 5120K, 0% used [0x00000000f9c00000,0x00000000f9c00000,0x00000000fa100000)
 ParOldGen       total 87552K, used 8328K [0x00000000e0000000, 0x00000000e5580000, 0x00000000f5500000)
  object space 87552K, 9% used [0x00000000e0000000,0x00000000e0822390,0x00000000e5580000)
 PSPermGen       total 21504K, used 13345K [0x00000000d8000000, 0x00000000d9500000, 0x00000000e0000000)
  object space 21504K, 62% used [0x00000000d8000000,0x00000000d8d08538,0x00000000d9500000)
}
Event: 3.140 GC heap before
{Heap before GC invocations=4 (full 0):
 PSYoungGen      total 38912K, used 38889K [0x00000000f5500000, 0x00000000fa100000, 0x0000000100000000)
  eden space 33792K, 100% used [0x00000000f5500000,0x00000000f7600000,0x00000000f7600000)
  from space 5120K, 99% used [0x00000000f7600000,0x00000000f7afa440,0x00000000f7b00000)
  to   space 5120K, 0% used [0x00000000f9c00000,0x00000000f9c00000,0x00000000fa100000)
 ParOldGen       total 87552K, used 8328K [0x00000000e0000000, 0x00000000e5580000, 0x00000000f5500000)
  object space 87552K, 9% used [0x00000000e0000000,0x00000000e0822390,0x00000000e5580000)
 PSPermGen       total 21504K, used 13440K [0x00000000d8000000, 0x00000000d9500000, 0x00000000e0000000)
  object space 21504K, 62% used [0x00000000d8000000,0x00000000d8d20140,0x00000000d9500000)
Event: 3.156 GC heap after
Heap after GC invocations=4 (full 0):
 PSYoungGen      total 72704K, used 5113K [0x00000000f5500000, 0x00000000fa100000, 0x0000000100000000)
  eden space 67584K, 0% used [0x00000000f5500000,0x00000000f5500000,0x00000000f9700000)
  from space 5120K, 99% used [0x00000000f9c00000,0x00000000fa0fe450,0x00000000fa100000)
  to   space 5120K, 0% used [0x00000000f9700000,0x00000000f9700000,0x00000000f9c00000)
 ParOldGen       total 87552K, used 12736K [0x00000000e0000000, 0x00000000e5580000, 0x00000000f5500000)
  object space 87552K, 14% used [0x00000000e0000000,0x00000000e0c70340,0x00000000e5580000)
 PSPermGen       total 21504K, used 13440K [0x00000000d8000000, 0x00000000d9500000, 0x00000000e0000000)
  object space 21504K, 62% used [0x00000000d8000000,0x00000000d8d20140,0x00000000d9500000)
}
Event: 4.180 GC heap before
{Heap before GC invocations=5 (full 0):
 PSYoungGen      total 72704K, used 72697K [0x00000000f5500000, 0x00000000fa100000, 0x0000000100000000)
  eden space 67584K, 100% used [0x00000000f5500000,0x00000000f9700000,0x00000000f9700000)
  from space 5120K, 99% used [0x00000000f9c00000,0x00000000fa0fe450,0x00000000fa100000)
  to   space 5120K, 0% used [0x00000000f9700000,0x00000000f9700000,0x00000000f9c00000)
 ParOldGen       total 87552K, used 12736K [0x00000000e0000000, 0x00000000e5580000, 0x00000000f5500000)
  object space 87552K, 14% used [0x00000000e0000000,0x00000000e0c70340,0x00000000e5580000)
 PSPermGen       total 21504K, used 18681K [0x00000000d8000000, 0x00000000d9500000, 0x00000000e0000000)
  object space 21504K, 86% used [0x00000000d8000000,0x00000000d923e780,0x00000000d9500000)
Event: 4.196 GC heap after
Heap after GC invocations=5 (full 0):
 PSYoungGen      total 72704K, used 5116K [0x00000000f5500000, 0x00000000fa100000, 0x0000000100000000)
  eden space 67584K, 0% used [0x00000000f5500000,0x00000000f5500000,0x00000000f9700000)
  from space 5120K, 99% used [0x00000000f9700000,0x00000000f9bff1b8,0x00000000f9c00000)
  to   space 5120K, 0% used [0x00000000f9c00000,0x00000000f9c00000,0x00000000fa100000)
 ParOldGen       total 87552K, used 18872K [0x00000000e0000000, 0x00000000e5580000, 0x00000000f5500000)
  object space 87552K, 21% used [0x00000000e0000000,0x00000000e126e208,0x00000000e5580000)
 PSPermGen       total 21504K, used 18681K [0x00000000d8000000, 0x00000000d9500000, 0x00000000e0000000)
  object space 21504K, 86% used [0x00000000d8000000,0x00000000d923e780,0x00000000d9500000)
}

